c:\учеба\фит\2 курс\ооп\win32project4\win32project4\debug\win32project4.pch
c:\учеба\фит\2 курс\ооп\win32project4\win32project4\debug\vc120.pdb
c:\учеба\фит\2 курс\ооп\win32project4\win32project4\debug\vc120.idb
c:\учеба\фит\2 курс\ооп\win32project4\win32project4\debug\stdafx.obj
c:\учеба\фит\2 курс\ооп\win32project4\win32project4\debug\win32project4.obj
c:\учеба\фит\2 курс\ооп\win32project4\win32project4\debug\win32project4.res
c:\учеба\фит\2 курс\ооп\win32project4\debug\win32project4.pdb
c:\учеба\фит\2 курс\ооп\win32project4\win32project4\debug\win32project4.tlog\cl.command.1.tlog
c:\учеба\фит\2 курс\ооп\win32project4\win32project4\debug\win32project4.tlog\cl.read.1.tlog
c:\учеба\фит\2 курс\ооп\win32project4\win32project4\debug\win32project4.tlog\cl.write.1.tlog
c:\учеба\фит\2 курс\ооп\win32project4\win32project4\debug\win32project4.tlog\link.4532-cvtres.read.1.tlog
c:\учеба\фит\2 курс\ооп\win32project4\win32project4\debug\win32project4.tlog\link.4532-cvtres.write.1.tlog
c:\учеба\фит\2 курс\ооп\win32project4\win32project4\debug\win32project4.tlog\link.4532-rc.read.1.tlog
c:\учеба\фит\2 курс\ооп\win32project4\win32project4\debug\win32project4.tlog\link.4532-rc.write.1.tlog
c:\учеба\фит\2 курс\ооп\win32project4\win32project4\debug\win32project4.tlog\link.4532.read.1.tlog
c:\учеба\фит\2 курс\ооп\win32project4\win32project4\debug\win32project4.tlog\link.4532.write.1.tlog
c:\учеба\фит\2 курс\ооп\win32project4\win32project4\debug\win32project4.tlog\link.command.1.tlog
c:\учеба\фит\2 курс\ооп\win32project4\win32project4\debug\win32project4.tlog\link.read.1.tlog
c:\учеба\фит\2 курс\ооп\win32project4\win32project4\debug\win32project4.tlog\link.write.1.tlog
c:\учеба\фит\2 курс\ооп\win32project4\win32project4\debug\win32project4.tlog\rc.command.1.tlog
c:\учеба\фит\2 курс\ооп\win32project4\win32project4\debug\win32project4.tlog\rc.read.1.tlog
c:\учеба\фит\2 курс\ооп\win32project4\win32project4\debug\win32project4.tlog\rc.write.1.tlog
